Using pre-set license
Built from '2020.3/release' branch; Version is '2020.3.1f1 (77a89f25062f) revision 7841951'; Using compiler version '192528614'; Build Type 'Release'
OS: 'Windows 10 Home; OS build 19045.2364; Version 2009; 64bit' Language: 'en' Physical Memory: 16291 MB
BatchMode: 1, IsHumanControllingUs: 0, StartBugReporterOnCrash: 0, Is64bit: 1, IsPro: 0

 COMMAND LINE ARGUMENTS:
C:\Program Files\Unity\Hub\Editor\2020.3.1f1\Editor\Unity.exe
-adb2
-batchMode
-noUpm
-name
AssetImportWorker0
-projectPath
D:/VR/Room
-logFile
Logs/AssetImportWorker0.log
-srvPort
56511
Successfully changed project path to: D:/VR/Room
D:/VR/Room
Using Asset Import Pipeline V2.
Refreshing native plugins compatible for Editor in 68.59 ms, found 8 plugins.
Preloading 1 native plugins for Editor in 1.20 ms.
Initialize engine version: 2020.3.1f1 (77a89f25062f)
[Subsystems] Discovering subsystems at path C:/Program Files/Unity/Hub/Editor/2020.3.1f1/Editor/Data/Resources/UnitySubsystems
[Subsystems] Discovering subsystems at path D:/VR/Room/Assets
GfxDevice: creating device client; threaded=0
Direct3D:
    Version:  Direct3D 11.0 [level 11.1]
    Renderer: NVIDIA GeForce GTX 1650 Ti (ID=0x1f95)
    Vendor:   
    VRAM:     3962 MB
    Driver:   31.0.15.1700
Shader 'Universal Render Pipeline/Particles/Lit': fallback shader 'Universal Render Pipeline/Particles/SimpleLit' not found
Initialize mono
Mono path[0] = 'C:/Program Files/Unity/Hub/Editor/2020.3.1f1/Editor/Data/Managed'
Mono path[1] = 'C:/Program Files/Unity/Hub/Editor/2020.3.1f1/Editor/Data/MonoBleedingEdge/lib/mono/unityjit'
Mono config path = 'C:/Program Files/Unity/Hub/Editor/2020.3.1f1/Editor/Data/MonoBleedingEdge/etc'
Using monoOptions --debugger-agent=transport=dt_socket,embedding=1,server=y,suspend=n,address=127.0.0.1:56600
Begin MonoManager ReloadAssembly
Registering precompiled unity dll's ...
Register platform support module: C:/Program Files/Unity/Hub/Editor/2020.3.1f1/Editor/Data/PlaybackEngines/WebGLSupport/UnityEditor.WebGL.Extensions.dll
Register platform support module: C:/Program Files/Unity/Hub/Editor/2020.3.1f1/Editor/Data/PlaybackEngines/WindowsStandaloneSupport/UnityEditor.WindowsStandalone.Extensions.dll
Registered in 0.002271 seconds.
Native extension for WindowsStandalone target not found
Native extension for WebGL target not found
Refreshing native plugins compatible for Editor in 84.63 ms, found 8 plugins.
Preloading 1 native plugins for Editor in 0.07 ms.
Invoked RoslynAnalysisRunner static constructor.
RoslynAnalysisRunner will not be running.
RoslynAnalysisRunner has terminated.
Mono: successfully reloaded assembly
- Completed reload, in  1.336 seconds
Platform modules already initialized, skipping
Registering precompiled user dll's ...
Registered in 0.004442 seconds.
Begin MonoManager ReloadAssembly
Native extension for WindowsStandalone target not found
Native extension for WebGL target not found
Refreshing native plugins compatible for Editor in 62.99 ms, found 8 plugins.
Preloading 1 native plugins for Editor in 0.05 ms.
Invoked RoslynAnalysisRunner static constructor.
RoslynAnalysisRunner will not be running.
RoslynAnalysisRunner has terminated.
[XR] OculusXRPlugin: registering subsystems
[XR] Unable to register display lifecyle provider: [1]
[XR] Oculus Input lifecycle provider registered.
[XR] Unable to register input lifecyle provider: [1]
NullReferenceException: Object reference not set to an instance of an object
  at Unity.XR.Oculus.OculusLoader.AssetPathToAbsolutePath (System.String assetPath) [0x00048] in D:\VR\Room\Library\PackageCache\com.unity.xr.oculus@1.8.1\Runtime\OculusLoader.cs:243 
  at Unity.XR.Oculus.OculusLoader.EditorLoadOVRPlugin () [0x0007b] in D:\VR\Room\Library\PackageCache\com.unity.xr.oculus@1.8.1\Runtime\OculusLoader.cs:228 

(Filename: Library/PackageCache/com.unity.xr.oculus@1.8.1/Runtime/OculusLoader.cs Line: 243)

Mono: successfully reloaded assembly
- Completed reload, in  1.176 seconds
Platform modules already initialized, skipping
========================================================================
Worker process is ready to serve import requests
Shader 'Universal Render Pipeline/Particles/Lit': fallback shader 'Universal Render Pipeline/Particles/SimpleLit' not found
Launched and connected shader compiler UnityShaderCompiler.exe after 0.05 seconds
Refreshing native plugins compatible for Editor in 0.87 ms, found 8 plugins.
Preloading 1 native plugins for Editor in 0.05 ms.
Unloading 3378 Unused Serialized files (Serialized files now loaded: 0)
System memory in use before: 150.2 MB.
System memory in use after: 150.4 MB.

Unloading 31 unused Assets to reduce memory usage. Loaded Objects now: 3812.
Total: 3.442100 ms (FindLiveObjects: 0.797200 ms CreateObjectMapping: 0.291200 ms MarkObjects: 2.253000 ms  DeleteObjects: 0.098600 ms)

========================================================================
Received Import Request.
  path: Assets/Animation/HandAnimator.controller
  artifactKey: Guid(afdd822ebc4fe3945a1580af5470d059) Importer(815301076,1909f56bfc062723c751e8b465ee728b)
Start importing Assets/Animation/HandAnimator.controller using Guid(afdd822ebc4fe3945a1580af5470d059) Importer(815301076,1909f56bfc062723c751e8b465ee728b)  -> (artifact id: 'ecae1f92467f6c4ca333c2fa6164ef9d') in 0.045939 seconds
  Import took 0.054418 seconds .

========================================================================
Received Import Request.
  Time since last request: 166.033104 seconds.
  path: Assets/Animation/HandAnimator1.controller
  artifactKey: Guid(afdd822ebc4fe3945a1580af5470d059) Importer(815301076,1909f56bfc062723c751e8b465ee728b)
Start importing Assets/Animation/HandAnimator1.controller using Guid(afdd822ebc4fe3945a1580af5470d059) Importer(815301076,1909f56bfc062723c751e8b465ee728b)  -> (artifact id: 'e79d2030990afcdc563b19e86a64b6f6') in 0.009022 seconds
  Import took 0.021497 seconds .

========================================================================
Received Import Request.
  Time since last request: 766.021205 seconds.
  path: Assets/Animation/HandAnimator1.controller
  artifactKey: Guid(afdd822ebc4fe3945a1580af5470d059) Importer(815301076,1909f56bfc062723c751e8b465ee728b)
Start importing Assets/Animation/HandAnimator1.controller using Guid(afdd822ebc4fe3945a1580af5470d059) Importer(815301076,1909f56bfc062723c751e8b465ee728b)  -> (artifact id: 'c7a32f554407c1f869c5acb4e495482a') in 0.003547 seconds
  Import took 0.009177 seconds .

========================================================================
Received Import Request.
  Time since last request: 891.426733 seconds.
  path: Assets/Animation/Trigger.mask
  artifactKey: Guid(9d0ad03eaae1f9342bac67dfb6e04c2f) Importer(815301076,1909f56bfc062723c751e8b465ee728b)
Start importing Assets/Animation/Trigger.mask using Guid(9d0ad03eaae1f9342bac67dfb6e04c2f) Importer(815301076,1909f56bfc062723c751e8b465ee728b)  -> (artifact id: 'a6e84e39e8c205f462701b050b4edaf4') in 0.010434 seconds
  Import took 0.017699 seconds .

========================================================================
Received Import Request.
  Time since last request: 153.600519 seconds.
  path: Assets/Animation/HandAnimator1.controller
  artifactKey: Guid(afdd822ebc4fe3945a1580af5470d059) Importer(815301076,1909f56bfc062723c751e8b465ee728b)
Start importing Assets/Animation/HandAnimator1.controller using Guid(afdd822ebc4fe3945a1580af5470d059) Importer(815301076,1909f56bfc062723c751e8b465ee728b)  -> (artifact id: '871c9b21968c0fde9466dac5d9aef514') in 0.002870 seconds
  Import took 0.014500 seconds .

